<?xml version="1.0" encoding="UTF-8"?>
<!-- Generated by org.testng.reporters.JUnitReportReporter -->
<testsuite hostname="DESKTOP-0U3CQHM" failures="0" tests="1" name="PS1" time="0.023" errors="0" timestamp="2025-01-19T19:55:51 IST" skipped="0">
  <testcase classname="PS1" name="testRun" time="0.023"/>
</testsuite> <!-- PS1 -->
